2022-10-10 17:11:39  [ Keyed Aggregation -> (Sink: Print to Std. Out, Sink: Unnamed) (1/1)#0:4777 ] - [ ERROR ]  
Redis has not been properly initialized: 
redis.clients.jedis.exceptions.JedisDataException: NOAUTH Authentication required.
	at redis.clients.jedis.Protocol.processError(Protocol.java:127)
	at redis.clients.jedis.Protocol.process(Protocol.java:161)
	at redis.clients.jedis.Protocol.read(Protocol.java:215)
	at redis.clients.jedis.Connection.readProtocolWithCheckingBroken(Connection.java:340)
	at redis.clients.jedis.Connection.getBinaryBulkReply(Connection.java:259)
	at redis.clients.jedis.Connection.getBulkReply(Connection.java:248)
	at redis.clients.jedis.Jedis.echo(Jedis.java:2521)
	at org.apache.flink.streaming.connectors.redis.common.container.RedisContainer.open(RedisContainer.java:85)
	at org.apache.flink.streaming.connectors.redis.RedisSink.open(RedisSink.java:209)
	at org.apache.flink.api.common.functions.util.FunctionUtils.openFunction(FunctionUtils.java:34)
	at org.apache.flink.streaming.api.operators.AbstractUdfStreamOperator.open(AbstractUdfStreamOperator.java:102)
	at org.apache.flink.streaming.api.operators.StreamSink.open(StreamSink.java:46)
	at org.apache.flink.streaming.runtime.tasks.OperatorChain.initializeStateAndOpenOperators(OperatorChain.java:437)
	at org.apache.flink.streaming.runtime.tasks.StreamTask.restoreGates(StreamTask.java:582)
	at org.apache.flink.streaming.runtime.tasks.StreamTaskActionExecutor$1.call(StreamTaskActionExecutor.java:55)
	at org.apache.flink.streaming.runtime.tasks.StreamTask.executeRestore(StreamTask.java:562)
	at org.apache.flink.streaming.runtime.tasks.StreamTask.runWithCleanUpOnFail(StreamTask.java:647)
	at org.apache.flink.streaming.runtime.tasks.StreamTask.restore(StreamTask.java:537)
	at org.apache.flink.runtime.taskmanager.Task.doRun(Task.java:759)
	at org.apache.flink.runtime.taskmanager.Task.run(Task.java:566)
	at java.base/java.lang.Thread.run(Thread.java:834)
